<?xml version="1.0" encoding="UTF-8"?>
<robot generator="Robot 7.3.2 (Python 3.12.0 on darwin)" generated="2025-10-27T19:15:25.527600" rpa="false" schemaversion="5">
<suite id="s1" name="Teste-Automatizados" source="/Users/laura/IdeaProjects/teste-automatizados">
<suite id="s1-s1" name="Cenário - Distribuição automática" source="/Users/laura/IdeaProjects/teste-automatizados/Cenário - Distribuição automática">
<suite id="s1-s1-s1" name="DistribuicaoAutomatica testes" source="/Users/laura/IdeaProjects/teste-automatizados/Cenário - Distribuição automática/DistribuicaoAutomatica_testes.robot">
<test id="s1-s1-s1-t1" name="Fluxo de Distribuição de doações" line="7">
<kw name="Abrir navegador" owner="DistribuicaoAutomatica_resources" type="SETUP">
<kw name="Open Browser" owner="SeleniumLibrary">
<msg time="2025-10-27T19:15:25.637510" level="INFO">Opening browser 'chrome' to base url 'http://localhost/Acalento/PROJETO/index.php?common=2'.</msg>
<arg>${URL}</arg>
<arg>${BROWSER}</arg>
<doc>Opens a new browser instance to the optional ``url``.</doc>
<status status="PASS" start="2025-10-27T19:15:25.637387" elapsed="1.803043"/>
</kw>
<kw name="Maximize Browser Window" owner="SeleniumLibrary">
<doc>Maximizes current browser window.</doc>
<status status="PASS" start="2025-10-27T19:15:27.442670" elapsed="0.380403"/>
</kw>
<status status="PASS" start="2025-10-27T19:15:25.637061" elapsed="2.186203"/>
</kw>
<kw name="Efetuar login" owner="DistribuicaoAutomatica_resources">
<kw name="Wait Until Element Is Visible" owner="SeleniumLibrary">
<arg>${EMAIL_INPUT}</arg>
<doc>Waits until the element ``locator`` is visible.</doc>
<status status="PASS" start="2025-10-27T19:15:27.824319" elapsed="0.030455"/>
</kw>
<kw name="Input Text" owner="SeleniumLibrary">
<msg time="2025-10-27T19:15:27.855093" level="INFO">Typing text 'kelly@email.com' into text field 'id=email'.</msg>
<arg>${EMAIL_INPUT}</arg>
<arg>${EMAIL_VALUE}</arg>
<doc>Types the given ``text`` into the text field identified by ``locator``.</doc>
<status status="PASS" start="2025-10-27T19:15:27.854910" elapsed="0.164149"/>
</kw>
<kw name="Input Text" owner="SeleniumLibrary">
<msg time="2025-10-27T19:15:28.019340" level="INFO">Typing text 'Senha1234@' into text field 'id=password'.</msg>
<arg>${SENHA_INPUT}</arg>
<arg>${SENHA_VALUE}</arg>
<doc>Types the given ``text`` into the text field identified by ``locator``.</doc>
<status status="PASS" start="2025-10-27T19:15:28.019185" elapsed="0.040454"/>
</kw>
<kw name="Click Button" owner="SeleniumLibrary">
<msg time="2025-10-27T19:15:28.059969" level="INFO">Clicking button 'css:button[type="submit"]'.</msg>
<arg>${ENTRAR_BUTTON}</arg>
<doc>Clicks the button identified by ``locator``.</doc>
<status status="PASS" start="2025-10-27T19:15:28.059787" elapsed="0.363639"/>
</kw>
<kw name="Capture Page Screenshot" owner="SeleniumLibrary">
<msg time="2025-10-27T19:15:28.623831" level="INFO" html="true">&lt;/td&gt;&lt;/tr&gt;&lt;tr&gt;&lt;td colspan="3"&gt;&lt;a href="selenium-screenshot-1.png"&gt;&lt;img src="selenium-screenshot-1.png" width="800px"&gt;&lt;/a&gt;</msg>
<doc>Takes a screenshot of the current page and embeds it into a log file.</doc>
<status status="PASS" start="2025-10-27T19:15:28.423566" elapsed="0.200326"/>
</kw>
<status status="PASS" start="2025-10-27T19:15:27.823905" elapsed="0.800042"/>
</kw>
<kw name="Selecionar &quot;Administrador&quot;" owner="DistribuicaoAutomatica_resources">
<kw name="Execute Javascript" owner="SeleniumLibrary">
<msg time="2025-10-27T19:15:28.624496" level="INFO">Executing JavaScript:
document.querySelector("button[data-bs-target='#admin-collapse']").click()
Without any arguments.</msg>
<arg>${ADMIN_BUTTON}</arg>
<doc>Executes the given JavaScript code with possible arguments.</doc>
<status status="PASS" start="2025-10-27T19:15:28.624220" elapsed="0.006810"/>
</kw>
<kw name="Wait Until Element Is Visible" owner="SeleniumLibrary">
<arg>${DISTRIBUTE_BUTTON}</arg>
<doc>Waits until the element ``locator`` is visible.</doc>
<status status="PASS" start="2025-10-27T19:15:28.631113" elapsed="0.231924"/>
</kw>
<kw name="Capture Page Screenshot" owner="SeleniumLibrary">
<msg time="2025-10-27T19:15:29.028647" level="INFO" html="true">&lt;/td&gt;&lt;/tr&gt;&lt;tr&gt;&lt;td colspan="3"&gt;&lt;a href="selenium-screenshot-2.png"&gt;&lt;img src="selenium-screenshot-2.png" width="800px"&gt;&lt;/a&gt;</msg>
<doc>Takes a screenshot of the current page and embeds it into a log file.</doc>
<status status="PASS" start="2025-10-27T19:15:28.863206" elapsed="0.165502"/>
</kw>
<status status="PASS" start="2025-10-27T19:15:28.624075" elapsed="0.404684"/>
</kw>
<kw name="Selecionar &quot;Distribuir doações&quot;" owner="DistribuicaoAutomatica_resources">
<kw name="Wait Until Element Is Visible" owner="SeleniumLibrary">
<arg>${DISTRIBUTE_BUTTON}</arg>
<doc>Waits until the element ``locator`` is visible.</doc>
<status status="PASS" start="2025-10-27T19:15:29.029025" elapsed="0.006670"/>
</kw>
<kw name="Click Element" owner="SeleniumLibrary">
<msg time="2025-10-27T19:15:29.035910" level="INFO">Clicking element 'link:Distribuir doações'.</msg>
<arg>${DISTRIBUTE_BUTTON}</arg>
<doc>Click the element identified by ``locator``.</doc>
<status status="PASS" start="2025-10-27T19:15:29.035785" elapsed="0.255466"/>
</kw>
<kw name="Capture Page Screenshot" owner="SeleniumLibrary">
<msg time="2025-10-27T19:15:29.428484" level="INFO" html="true">&lt;/td&gt;&lt;/tr&gt;&lt;tr&gt;&lt;td colspan="3"&gt;&lt;a href="selenium-screenshot-3.png"&gt;&lt;img src="selenium-screenshot-3.png" width="800px"&gt;&lt;/a&gt;</msg>
<doc>Takes a screenshot of the current page and embeds it into a log file.</doc>
<status status="PASS" start="2025-10-27T19:15:29.291394" elapsed="0.137148"/>
</kw>
<status status="PASS" start="2025-10-27T19:15:29.028886" elapsed="0.399705"/>
</kw>
<kw name="Realizar distribuição" owner="DistribuicaoAutomatica_resources">
<kw name="Wait Until Element Is Visible" owner="SeleniumLibrary">
<arg>${ITEM_SELECT}</arg>
<doc>Waits until the element ``locator`` is visible.</doc>
<status status="PASS" start="2025-10-27T19:15:29.428869" elapsed="0.007478"/>
</kw>
<kw name="Scroll Element Into View" owner="SeleniumLibrary">
<arg>${ITEM_SELECT}</arg>
<doc>Scrolls the element identified by ``locator`` into view.</doc>
<status status="PASS" start="2025-10-27T19:15:29.436430" elapsed="0.265719"/>
</kw>
<kw name="Select From List By Label" owner="SeleniumLibrary">
<msg time="2025-10-27T19:15:29.703687" level="INFO">Selecting options from selection list 'id=inputItem' by label Cesta básica.</msg>
<arg>${ITEM_SELECT}</arg>
<arg>Cesta básica</arg>
<doc>Selects options from selection list ``locator`` by ``labels``.</doc>
<status status="PASS" start="2025-10-27T19:15:29.702913" elapsed="0.062211"/>
</kw>
<kw name="Capture Page Screenshot" owner="SeleniumLibrary">
<msg time="2025-10-27T19:15:29.887602" level="INFO" html="true">&lt;/td&gt;&lt;/tr&gt;&lt;tr&gt;&lt;td colspan="3"&gt;&lt;a href="selenium-screenshot-4.png"&gt;&lt;img src="selenium-screenshot-4.png" width="800px"&gt;&lt;/a&gt;</msg>
<doc>Takes a screenshot of the current page and embeds it into a log file.</doc>
<status status="PASS" start="2025-10-27T19:15:29.765315" elapsed="0.122350"/>
</kw>
<kw name="Wait Until Element Is Visible" owner="SeleniumLibrary">
<arg>${ESCOLHER_BUTTON}</arg>
<doc>Waits until the element ``locator`` is visible.</doc>
<status status="PASS" start="2025-10-27T19:15:29.887764" elapsed="0.007144"/>
</kw>
<kw name="Scroll Element Into View" owner="SeleniumLibrary">
<arg>${ESCOLHER_BUTTON}</arg>
<doc>Scrolls the element identified by ``locator`` into view.</doc>
<status status="PASS" start="2025-10-27T19:15:29.894981" elapsed="0.264633"/>
</kw>
<kw name="Click Button" owner="SeleniumLibrary">
<msg time="2025-10-27T19:15:30.160896" level="INFO">Clicking button 'xpath=//button[contains(., "Escolher")]'.</msg>
<arg>${ESCOLHER_BUTTON}</arg>
<doc>Clicks the button identified by ``locator``.</doc>
<status status="PASS" start="2025-10-27T19:15:30.160242" elapsed="0.087436"/>
</kw>
<kw name="Capture Page Screenshot" owner="SeleniumLibrary">
<msg time="2025-10-27T19:15:30.400010" level="INFO" html="true">&lt;/td&gt;&lt;/tr&gt;&lt;tr&gt;&lt;td colspan="3"&gt;&lt;a href="selenium-screenshot-5.png"&gt;&lt;img src="selenium-screenshot-5.png" width="800px"&gt;&lt;/a&gt;</msg>
<doc>Takes a screenshot of the current page and embeds it into a log file.</doc>
<status status="PASS" start="2025-10-27T19:15:30.247848" elapsed="0.152279"/>
</kw>
<kw name="Wait Until Element Is Visible" owner="SeleniumLibrary">
<arg>${DISTRIBUIR_BUTTON}</arg>
<doc>Waits until the element ``locator`` is visible.</doc>
<status status="PASS" start="2025-10-27T19:15:30.400212" elapsed="0.007771"/>
</kw>
<kw name="Scroll Element Into View" owner="SeleniumLibrary">
<arg>${DISTRIBUIR_BUTTON}</arg>
<doc>Scrolls the element identified by ``locator`` into view.</doc>
<status status="PASS" start="2025-10-27T19:15:30.408060" elapsed="0.267093"/>
</kw>
<kw name="Click Button" owner="SeleniumLibrary">
<msg time="2025-10-27T19:15:30.675785" level="INFO">Clicking button 'xpath=//button[contains(., "Distribuir")]'.</msg>
<arg>${DISTRIBUIR_BUTTON}</arg>
<doc>Clicks the button identified by ``locator``.</doc>
<status status="PASS" start="2025-10-27T19:15:30.675429" elapsed="0.103141"/>
</kw>
<status status="PASS" start="2025-10-27T19:15:29.428731" elapsed="1.349917"/>
</kw>
<kw name="Verificar sucesso" owner="DistribuicaoAutomatica_resources">
<kw name="Wait Until Page Contains" owner="SeleniumLibrary">
<arg>Distribuição feita com sucesso!</arg>
<doc>Waits until ``text`` appears on the current page.</doc>
<status status="PASS" start="2025-10-27T19:15:30.778978" elapsed="0.008272"/>
</kw>
<kw name="Capture Page Screenshot" owner="SeleniumLibrary">
<msg time="2025-10-27T19:15:30.921925" level="INFO" html="true">&lt;/td&gt;&lt;/tr&gt;&lt;tr&gt;&lt;td colspan="3"&gt;&lt;a href="selenium-screenshot-6.png"&gt;&lt;img src="selenium-screenshot-6.png" width="800px"&gt;&lt;/a&gt;</msg>
<doc>Takes a screenshot of the current page and embeds it into a log file.</doc>
<status status="PASS" start="2025-10-27T19:15:30.787531" elapsed="0.134452"/>
</kw>
<status status="PASS" start="2025-10-27T19:15:30.778802" elapsed="0.143228"/>
</kw>
<kw name="Fechar navegador" owner="DistribuicaoAutomatica_resources" type="TEARDOWN">
<kw name="Close Browser" owner="SeleniumLibrary">
<doc>Closes the current browser.</doc>
<status status="PASS" start="2025-10-27T19:15:30.922375" elapsed="0.077201"/>
</kw>
<kw name="Capture Page Screenshot" owner="SeleniumLibrary">
<msg time="2025-10-27T19:15:30.999938" level="INFO">Cannot capture screenshot because no browser is open.</msg>
<doc>Takes a screenshot of the current page and embeds it into a log file.</doc>
<status status="PASS" start="2025-10-27T19:15:30.999813" elapsed="0.000150"/>
</kw>
<status status="PASS" start="2025-10-27T19:15:30.922223" elapsed="0.077779"/>
</kw>
<doc>Faz login, acessar "Distribuir doações" e realiza uma distribuição com sucesso.</doc>
<status status="PASS" start="2025-10-27T19:15:25.636675" elapsed="5.363389"/>
</test>
<status status="PASS" start="2025-10-27T19:15:25.537398" elapsed="5.463005"/>
</suite>
<status status="PASS" start="2025-10-27T19:15:25.537014" elapsed="5.463684"/>
</suite>
<status status="PASS" start="2025-10-27T19:15:25.528150" elapsed="5.472720"/>
</suite>
<statistics>
<total>
<stat pass="1" fail="0" skip="0">All Tests</stat>
</total>
<tag>
</tag>
<suite>
<stat name="Teste-Automatizados" id="s1" pass="1" fail="0" skip="0">Teste-Automatizados</stat>
<stat name="Cenário - Distribuição automática" id="s1-s1" pass="1" fail="0" skip="0">Teste-Automatizados.Cenário - Distribuição automática</stat>
<stat name="DistribuicaoAutomatica testes" id="s1-s1-s1" pass="1" fail="0" skip="0">Teste-Automatizados.Cenário - Distribuição automática.DistribuicaoAutomatica testes</stat>
</suite>
</statistics>
<errors>
</errors>
</robot>
