<?xml version="1.0" encoding="UTF-8"?>
<robot generator="Robot 7.3.2 (Python 3.12.3 on darwin)" generated="2025-10-27T14:22:29.672748" rpa="false" schemaversion="5">
<suite id="s1" name="inativarUser testes" source="/Users/annasantos/Documents/github/teste-automatizados/Cenário - Inativar conta do usuário/inativarUser_testes.robot">
<test id="s1-t1" name="TC1 - Inativar a conta de um usuário" line="7">
<kw name="Abrir navegador" owner="inativarUser_resources" type="SETUP">
<kw name="Open Browser" owner="SeleniumLibrary">
<msg time="2025-10-27T14:22:29.769487" level="INFO">Opening browser 'Chrome' to base url 'http://localhost/Acalento/PROJETO/index.php?common=2'.</msg>
<arg>${URL}</arg>
<arg>${NAVEGADOR}</arg>
<doc>Opens a new browser instance to the optional ``url``.</doc>
<status status="PASS" start="2025-10-27T14:22:29.769375" elapsed="1.169478"/>
</kw>
<kw name="Maximize Browser Window" owner="SeleniumLibrary">
<doc>Maximizes current browser window.</doc>
<status status="PASS" start="2025-10-27T14:22:30.939440" elapsed="0.347491"/>
</kw>
<status status="PASS" start="2025-10-27T14:22:29.769087" elapsed="1.517988"/>
</kw>
<kw name="Efetuar login" owner="inativarUser_resources">
<kw name="Wait Until Page Contains Element" owner="SeleniumLibrary">
<arg>${EMAIL_INPUT}</arg>
<doc>Waits until the element ``locator`` appears on the current page.</doc>
<status status="PASS" start="2025-10-27T14:22:31.287714" elapsed="0.012840"/>
</kw>
<kw name="Input Text" owner="SeleniumLibrary">
<msg time="2025-10-27T14:22:31.300826" level="INFO">Typing text 'annaquezia@email.com' into text field 'id=email'.</msg>
<arg>${EMAIL_INPUT}</arg>
<arg>${USER_EMAIL}</arg>
<doc>Types the given ``text`` into the text field identified by ``locator``.</doc>
<status status="PASS" start="2025-10-27T14:22:31.300660" elapsed="0.075901"/>
</kw>
<kw name="Input Text" owner="SeleniumLibrary">
<msg time="2025-10-27T14:22:31.376815" level="INFO">Typing text '12345678' into text field 'id=password'.</msg>
<arg>${SENHA_INPUT}</arg>
<arg>${USER_SENHA}</arg>
<doc>Types the given ``text`` into the text field identified by ``locator``.</doc>
<status status="PASS" start="2025-10-27T14:22:31.376669" elapsed="0.033977"/>
</kw>
<kw name="Click Button" owner="SeleniumLibrary">
<msg time="2025-10-27T14:22:31.410865" level="INFO">Clicking button 'css:button[type="submit"]'.</msg>
<arg>${ENTRAR_BUTTON}</arg>
<doc>Clicks the button identified by ``locator``.</doc>
<status status="PASS" start="2025-10-27T14:22:31.410741" elapsed="0.033305"/>
</kw>
<kw name="Capture Page Screenshot" owner="SeleniumLibrary">
<msg time="2025-10-27T14:22:31.696311" level="INFO" html="true">&lt;/td&gt;&lt;/tr&gt;&lt;tr&gt;&lt;td colspan="3"&gt;&lt;a href="selenium-screenshot-5.png"&gt;&lt;img src="selenium-screenshot-5.png" width="800px"&gt;&lt;/a&gt;</msg>
<doc>Takes a screenshot of the current page and embeds it into a log file.</doc>
<status status="PASS" start="2025-10-27T14:22:31.444141" elapsed="0.252239"/>
</kw>
<status status="PASS" start="2025-10-27T14:22:31.287419" elapsed="0.409021"/>
</kw>
<kw name="Selecionar &quot;Administrador&quot;" owner="inativarUser_resources">
<kw name="Wait Until Page Contains Element" owner="SeleniumLibrary">
<arg>${ADMIN_BUTTON}</arg>
<doc>Waits until the element ``locator`` appears on the current page.</doc>
<status status="PASS" start="2025-10-27T14:22:31.696715" elapsed="0.005357"/>
</kw>
<kw name="Click Button" owner="SeleniumLibrary">
<msg time="2025-10-27T14:22:31.702357" level="INFO">Clicking button 'xpath=//aside[@id="sidebar"]//button[@data-bs-target="#admin-collapse"]'.</msg>
<arg>${ADMIN_BUTTON}</arg>
<doc>Clicks the button identified by ``locator``.</doc>
<status status="PASS" start="2025-10-27T14:22:31.702174" elapsed="0.032183"/>
</kw>
<kw name="Wait Until Element Is Visible" owner="SeleniumLibrary">
<arg>${ADMIN_COLLAPSE}</arg>
<doc>Waits until the element ``locator`` is visible.</doc>
<status status="PASS" start="2025-10-27T14:22:31.734453" elapsed="0.226971"/>
</kw>
<kw name="Capture Page Screenshot" owner="SeleniumLibrary">
<msg time="2025-10-27T14:22:32.134003" level="INFO" html="true">&lt;/td&gt;&lt;/tr&gt;&lt;tr&gt;&lt;td colspan="3"&gt;&lt;a href="selenium-screenshot-6.png"&gt;&lt;img src="selenium-screenshot-6.png" width="800px"&gt;&lt;/a&gt;</msg>
<doc>Takes a screenshot of the current page and embeds it into a log file.</doc>
<status status="PASS" start="2025-10-27T14:22:31.961673" elapsed="0.172389"/>
</kw>
<status status="PASS" start="2025-10-27T14:22:31.696576" elapsed="0.437533"/>
</kw>
<kw name="Selecionar &quot;Visualizar usuários&quot;" owner="inativarUser_resources">
<kw name="Wait Until Element Is Visible" owner="SeleniumLibrary">
<arg>${VIEW_USER_BUTTON}</arg>
<doc>Waits until the element ``locator`` is visible.</doc>
<status status="PASS" start="2025-10-27T14:22:32.134365" elapsed="0.007814"/>
</kw>
<kw name="Scroll Element Into View" owner="SeleniumLibrary">
<arg>${VIEW_USER_BUTTON}</arg>
<doc>Scrolls the element identified by ``locator`` into view.</doc>
<status status="PASS" start="2025-10-27T14:22:32.142250" elapsed="0.263744"/>
</kw>
<kw name="Click Element" owner="SeleniumLibrary">
<msg time="2025-10-27T14:22:32.407088" level="INFO">Clicking element 'xpath=//aside[@id="sidebar"]//div[@id="admin-collapse"]//a[normalize-space(.)="Visualizar usuários"]'.</msg>
<arg>${VIEW_USER_BUTTON}</arg>
<doc>Click the element identified by ``locator``.</doc>
<status status="PASS" start="2025-10-27T14:22:32.406601" elapsed="0.080551"/>
</kw>
<kw name="Capture Page Screenshot" owner="SeleniumLibrary">
<msg time="2025-10-27T14:22:32.614949" level="INFO" html="true">&lt;/td&gt;&lt;/tr&gt;&lt;tr&gt;&lt;td colspan="3"&gt;&lt;a href="selenium-screenshot-7.png"&gt;&lt;img src="selenium-screenshot-7.png" width="800px"&gt;&lt;/a&gt;</msg>
<doc>Takes a screenshot of the current page and embeds it into a log file.</doc>
<status status="PASS" start="2025-10-27T14:22:32.487303" elapsed="0.127706"/>
</kw>
<status status="PASS" start="2025-10-27T14:22:32.134243" elapsed="0.480828"/>
</kw>
<kw name="Selecionar &quot;inativar&quot;" owner="inativarUser_resources">
<kw name="Wait Until Element Is Visible" owner="SeleniumLibrary">
<arg>${INATIVAR_USER}</arg>
<doc>Waits until the element ``locator`` is visible.</doc>
<status status="PASS" start="2025-10-27T14:22:32.615319" elapsed="0.007801"/>
</kw>
<kw name="Click Element" owner="SeleniumLibrary">
<msg time="2025-10-27T14:22:32.623311" level="INFO">Clicking element 'xpath=//tr[td[normalize-space(.)="Maristela Alice Almeida"]]//a[contains(., "Inativar")]'.</msg>
<arg>${INATIVAR_USER}</arg>
<doc>Click the element identified by ``locator``.</doc>
<status status="PASS" start="2025-10-27T14:22:32.623209" elapsed="0.052971"/>
</kw>
<kw name="Capture Page Screenshot" owner="SeleniumLibrary">
<msg time="2025-10-27T14:22:32.808167" level="INFO" html="true">&lt;/td&gt;&lt;/tr&gt;&lt;tr&gt;&lt;td colspan="3"&gt;&lt;a href="selenium-screenshot-8.png"&gt;&lt;img src="selenium-screenshot-8.png" width="800px"&gt;&lt;/a&gt;</msg>
<doc>Takes a screenshot of the current page and embeds it into a log file.</doc>
<status status="PASS" start="2025-10-27T14:22:32.676291" elapsed="0.131934"/>
</kw>
<kw name="Wait Until Element Is Visible" owner="SeleniumLibrary">
<arg>${USER_INATIVADO}</arg>
<doc>Waits until the element ``locator`` is visible.</doc>
<status status="PASS" start="2025-10-27T14:22:32.808305" elapsed="0.007637"/>
</kw>
<kw name="Capture Page Screenshot" owner="SeleniumLibrary">
<msg time="2025-10-27T14:22:32.923079" level="INFO" html="true">&lt;/td&gt;&lt;/tr&gt;&lt;tr&gt;&lt;td colspan="3"&gt;&lt;a href="selenium-screenshot-9.png"&gt;&lt;img src="selenium-screenshot-9.png" width="800px"&gt;&lt;/a&gt;</msg>
<doc>Takes a screenshot of the current page and embeds it into a log file.</doc>
<status status="PASS" start="2025-10-27T14:22:32.816020" elapsed="0.107116"/>
</kw>
<status status="PASS" start="2025-10-27T14:22:32.615200" elapsed="0.307995"/>
</kw>
<kw name="Fechar navegador" owner="inativarUser_resources" type="TEARDOWN">
<kw name="Close Browser" owner="SeleniumLibrary">
<doc>Closes the current browser.</doc>
<status status="PASS" start="2025-10-27T14:22:32.923488" elapsed="0.087517"/>
</kw>
<kw name="Capture Page Screenshot" owner="SeleniumLibrary">
<msg time="2025-10-27T14:22:33.011650" level="INFO">Cannot capture screenshot because no browser is open.</msg>
<doc>Takes a screenshot of the current page and embeds it into a log file.</doc>
<status status="PASS" start="2025-10-27T14:22:33.011544" elapsed="0.000137"/>
</kw>
<status status="PASS" start="2025-10-27T14:22:32.923371" elapsed="0.088354"/>
</kw>
<doc>Inativar a conta de um usuário por meio do perfil de administrador</doc>
<status status="PASS" start="2025-10-27T14:22:29.768722" elapsed="3.243061"/>
</test>
<status status="PASS" start="2025-10-27T14:22:29.673305" elapsed="3.338768"/>
</suite>
<statistics>
<total>
<stat pass="1" fail="0" skip="0">All Tests</stat>
</total>
<tag>
</tag>
<suite>
<stat name="inativarUser testes" id="s1" pass="1" fail="0" skip="0">inativarUser testes</stat>
</suite>
</statistics>
<errors>
</errors>
</robot>
