<?xml version="1.0" encoding="UTF-8"?>
<robot generator="Robot 7.3.2 (Python 3.9.6 on darwin)" generated="2025-10-27T12:06:39.841116" rpa="false" schemaversion="5">
<suite id="s1" name="PythonProject1" source="/Users/otavioaugusto/PycharmProjects/PythonProject1">
<suite id="s1-s1" name="Cenário: Se inscrever em eventos" source="/Users/otavioaugusto/PycharmProjects/PythonProject1/Cenário: Se inscrever em eventos">
<suite id="s1-s1-s1" name="Evento Test" source="/Users/otavioaugusto/PycharmProjects/PythonProject1/Cenário: Se inscrever em eventos/evento_test.robot">
<test id="s1-s1-s1-t1" name="Caso de teste 01: Realizar a inscrição em um evento" line="7">
<kw name="Configurar pasta de screenshots" owner="common">
<kw name="Set Screenshot Directory" owner="SeleniumLibrary">
<arg>${pasta}</arg>
<doc>Sets the directory for captured screenshots.</doc>
<status status="PASS" start="2025-10-27T12:06:39.961572" elapsed="0.000184"/>
</kw>
<arg>Cenário: Se inscrever em eventos/Screenshots/Teste_01</arg>
<status status="PASS" start="2025-10-27T12:06:39.961099" elapsed="0.000729"/>
</kw>
<kw name="Realizar login com credenciais corretas" owner="common">
<kw name="Abrir navegador e acessar página de login" owner="common">
<kw name="Open Browser" owner="SeleniumLibrary">
<msg time="2025-10-27T12:06:39.962363" level="INFO">Opening browser 'Chrome' to base url 'http://localhost/PROJETO/index.php?common=2'.</msg>
<arg>${URL}</arg>
<arg>${NAVEGADOR}</arg>
<doc>Opens a new browser instance to the optional ``url``.</doc>
<status status="PASS" start="2025-10-27T12:06:39.962243" elapsed="5.128420"/>
</kw>
<kw name="Maximize Browser Window" owner="SeleniumLibrary">
<doc>Maximizes current browser window.</doc>
<status status="PASS" start="2025-10-27T12:06:45.092451" elapsed="0.377723"/>
</kw>
<kw name="Page Should Contain" owner="SeleniumLibrary">
<msg time="2025-10-27T12:06:45.500313" level="INFO">Current page contains text 'Login'.</msg>
<arg>Login</arg>
<doc>Verifies that current page contains ``text``.</doc>
<status status="PASS" start="2025-10-27T12:06:45.470484" elapsed="0.029914"/>
</kw>
<status status="PASS" start="2025-10-27T12:06:39.962116" elapsed="5.538376"/>
</kw>
<kw name="Input Text" owner="SeleniumLibrary">
<msg time="2025-10-27T12:06:45.500935" level="INFO">Typing text 'admin@acalento.com' into text field 'id:email'.</msg>
<arg>id:email</arg>
<arg>${USUARIO_VALIDO}</arg>
<doc>Types the given ``text`` into the text field identified by ``locator``.</doc>
<status status="PASS" start="2025-10-27T12:06:45.500592" elapsed="0.108978"/>
</kw>
<kw name="Input Text" owner="SeleniumLibrary">
<msg time="2025-10-27T12:06:45.609932" level="INFO">Typing text 'fera4321' into text field 'id:password'.</msg>
<arg>id:password</arg>
<arg>${SENHA_VALIDA}</arg>
<doc>Types the given ``text`` into the text field identified by ``locator``.</doc>
<status status="PASS" start="2025-10-27T12:06:45.609733" elapsed="0.031333"/>
</kw>
<kw name="Click Element" owner="SeleniumLibrary">
<msg time="2025-10-27T12:06:45.641366" level="INFO">Clicking element 'class:btn-primary'.</msg>
<arg>class:btn-primary</arg>
<doc>Click the element identified by ``locator``.</doc>
<status status="PASS" start="2025-10-27T12:06:45.641220" elapsed="0.600451"/>
</kw>
<kw name="Sleep" owner="BuiltIn">
<msg time="2025-10-27T12:06:46.742931" level="INFO">Slept 500 milliseconds.</msg>
<arg>0.5</arg>
<doc>Pauses the test executed for the given time.</doc>
<status status="PASS" start="2025-10-27T12:06:46.242025" elapsed="0.501487"/>
</kw>
<kw name="Title Should Be" owner="SeleniumLibrary">
<msg time="2025-10-27T12:06:46.752744" level="INFO">Page title is 'Acalento | Home'.</msg>
<arg>Acalento | Home</arg>
<doc>Verifies that the current page title equals ``title``.</doc>
<status status="PASS" start="2025-10-27T12:06:46.744476" elapsed="0.008424"/>
</kw>
<status status="PASS" start="2025-10-27T12:06:39.961968" elapsed="6.791119"/>
</kw>
<kw name="Registrar evidência" owner="common">
<kw name="Capture Page Screenshot" owner="SeleniumLibrary">
<msg time="2025-10-27T12:06:46.919596" level="INFO" html="true">&lt;/td&gt;&lt;/tr&gt;&lt;tr&gt;&lt;td colspan="3"&gt;&lt;a href="Cen%C3%A1rio%3A%20Se%20inscrever%20em%20eventos/Screenshots/Teste_01/Evid%C3%AAncia_48.png"&gt;&lt;img src="Cen%C3%A1rio%3A%20Se%20inscrever%20em%20eventos/Screenshots/Teste_01/Evid%C3%AAncia_48.png" width="800px"&gt;&lt;/a&gt;</msg>
<arg>${nome}</arg>
<doc>Takes a screenshot of the current page and embeds it into a log file.</doc>
<status status="PASS" start="2025-10-27T12:06:46.754288" elapsed="0.165395"/>
</kw>
<arg>Evidência_48.png</arg>
<status status="PASS" start="2025-10-27T12:06:46.753636" elapsed="0.166120"/>
</kw>
<kw name="Selecionar dropdown de &quot;Eventos&quot;" owner="evento_resource">
<kw name="Execute Javascript" owner="SeleniumLibrary">
<msg time="2025-10-27T12:06:46.920380" level="INFO">Executing JavaScript:
document.querySelector("button[data-bs-target='#eventos-collapse']").click()
Without any arguments.</msg>
<arg>document.querySelector("button[data-bs-target='#eventos-collapse']").click()</arg>
<doc>Executes the given JavaScript code with possible arguments.</doc>
<status status="PASS" start="2025-10-27T12:06:46.920128" elapsed="0.007506"/>
</kw>
<kw name="Wait Until Element Is Visible" owner="SeleniumLibrary">
<arg>link:Inscrever-se</arg>
<doc>Waits until the element ``locator`` is visible.</doc>
<status status="PASS" start="2025-10-27T12:06:46.927757" elapsed="0.013783"/>
</kw>
<status status="PASS" start="2025-10-27T12:06:46.919919" elapsed="0.021699"/>
</kw>
<kw name="Registrar evidência" owner="common">
<kw name="Capture Page Screenshot" owner="SeleniumLibrary">
<msg time="2025-10-27T12:06:47.087712" level="INFO" html="true">&lt;/td&gt;&lt;/tr&gt;&lt;tr&gt;&lt;td colspan="3"&gt;&lt;a href="Cen%C3%A1rio%3A%20Se%20inscrever%20em%20eventos/Screenshots/Teste_01/Evid%C3%AAncia_49.png"&gt;&lt;img src="Cen%C3%A1rio%3A%20Se%20inscrever%20em%20eventos/Screenshots/Teste_01/Evid%C3%AAncia_49.png" width="800px"&gt;&lt;/a&gt;</msg>
<arg>${nome}</arg>
<doc>Takes a screenshot of the current page and embeds it into a log file.</doc>
<status status="PASS" start="2025-10-27T12:06:46.941997" elapsed="0.145796"/>
</kw>
<arg>Evidência_49.png</arg>
<status status="PASS" start="2025-10-27T12:06:46.941778" elapsed="0.146101"/>
</kw>
<kw name="Ir para a página de &quot;Eventos&quot;" owner="evento_resource">
<kw name="Wait Until Element Is Visible" owner="SeleniumLibrary">
<arg>link:Inscrever-se</arg>
<doc>Waits until the element ``locator`` is visible.</doc>
<status status="PASS" start="2025-10-27T12:06:47.088254" elapsed="0.008030"/>
</kw>
<kw name="Click Element" owner="SeleniumLibrary">
<msg time="2025-10-27T12:06:47.096524" level="INFO">Clicking element 'link:Inscrever-se'.</msg>
<arg>link:Inscrever-se</arg>
<doc>Click the element identified by ``locator``.</doc>
<status status="PASS" start="2025-10-27T12:06:47.096404" elapsed="0.462152"/>
</kw>
<status status="PASS" start="2025-10-27T12:06:47.088039" elapsed="0.470888"/>
</kw>
<kw name="Registrar evidência" owner="common">
<kw name="Capture Page Screenshot" owner="SeleniumLibrary">
<msg time="2025-10-27T12:06:47.709790" level="INFO" html="true">&lt;/td&gt;&lt;/tr&gt;&lt;tr&gt;&lt;td colspan="3"&gt;&lt;a href="Cen%C3%A1rio%3A%20Se%20inscrever%20em%20eventos/Screenshots/Teste_01/Evid%C3%AAncia_50.png"&gt;&lt;img src="Cen%C3%A1rio%3A%20Se%20inscrever%20em%20eventos/Screenshots/Teste_01/Evid%C3%AAncia_50.png" width="800px"&gt;&lt;/a&gt;</msg>
<arg>${nome}</arg>
<doc>Takes a screenshot of the current page and embeds it into a log file.</doc>
<status status="PASS" start="2025-10-27T12:06:47.563678" elapsed="0.146191"/>
</kw>
<arg>Evidência_50.png</arg>
<status status="PASS" start="2025-10-27T12:06:47.561799" elapsed="0.148144"/>
</kw>
<kw name="Se inscrever no evento" owner="evento_resource">
<kw name="Click Element" owner="SeleniumLibrary">
<msg time="2025-10-27T12:06:47.710447" level="INFO">Clicking element 'xpath=//h5[contains(., 'Campanha do Agasalho 2025')]/ancestor::div[contains(@class, 'card')]//button[contains(., 'Inscrever-se')]'.</msg>
<arg>xpath=//h5[contains(., 'Campanha do Agasalho 2025')]/ancestor::div[contains(@class, 'card')]//button[contains(., 'Inscrever-se')]</arg>
<doc>Click the element identified by ``locator``.</doc>
<status status="PASS" start="2025-10-27T12:06:47.710320" elapsed="0.065452"/>
</kw>
<kw name="Page Should Contain" owner="SeleniumLibrary">
<msg time="2025-10-27T12:06:48.185726" level="INFO">Current page contains text 'Inscrição feita com sucesso'.</msg>
<arg>Inscrição feita com sucesso</arg>
<doc>Verifies that current page contains ``text``.</doc>
<status status="PASS" start="2025-10-27T12:06:47.776196" elapsed="0.409784"/>
</kw>
<status status="PASS" start="2025-10-27T12:06:47.710114" elapsed="0.476162"/>
</kw>
<kw name="Registrar evidência" owner="common">
<kw name="Capture Page Screenshot" owner="SeleniumLibrary">
<msg time="2025-10-27T12:06:48.348786" level="INFO" html="true">&lt;/td&gt;&lt;/tr&gt;&lt;tr&gt;&lt;td colspan="3"&gt;&lt;a href="Cen%C3%A1rio%3A%20Se%20inscrever%20em%20eventos/Screenshots/Teste_01/Evid%C3%AAncia_51.png"&gt;&lt;img src="Cen%C3%A1rio%3A%20Se%20inscrever%20em%20eventos/Screenshots/Teste_01/Evid%C3%AAncia_51.png" width="800px"&gt;&lt;/a&gt;</msg>
<arg>${nome}</arg>
<doc>Takes a screenshot of the current page and embeds it into a log file.</doc>
<status status="PASS" start="2025-10-27T12:06:48.187608" elapsed="0.161262"/>
</kw>
<arg>Evidência_51.png</arg>
<status status="PASS" start="2025-10-27T12:06:48.186911" elapsed="0.162035"/>
</kw>
<kw name="Fechar navegador" owner="common">
<kw name="Close Browser" owner="SeleniumLibrary">
<doc>Closes the current browser.</doc>
<status status="PASS" start="2025-10-27T12:06:48.349331" elapsed="0.075433"/>
</kw>
<status status="PASS" start="2025-10-27T12:06:48.349127" elapsed="0.075763"/>
</kw>
<status status="PASS" start="2025-10-27T12:06:39.960628" elapsed="8.464481"/>
</test>
<status status="PASS" start="2025-10-27T12:06:39.854301" elapsed="8.571251"/>
</suite>
<status status="PASS" start="2025-10-27T12:06:39.853689" elapsed="8.572401"/>
</suite>
<status status="PASS" start="2025-10-27T12:06:39.842044" elapsed="8.584346"/>
</suite>
<statistics>
<total>
<stat pass="1" fail="0" skip="0">All Tests</stat>
</total>
<tag>
</tag>
<suite>
<stat name="PythonProject1" id="s1" pass="1" fail="0" skip="0">PythonProject1</stat>
<stat name="Cenário: Se inscrever em eventos" id="s1-s1" pass="1" fail="0" skip="0">PythonProject1.Cenário: Se inscrever em eventos</stat>
<stat name="Evento Test" id="s1-s1-s1" pass="1" fail="0" skip="0">PythonProject1.Cenário: Se inscrever em eventos.Evento Test</stat>
</suite>
</statistics>
<errors>
</errors>
</robot>
