<?xml version="1.0" encoding="UTF-8"?>
<robot generator="Robot 7.3.2 (Python 3.9.6 on darwin)" generated="2025-10-27T12:04:54.805564" rpa="false" schemaversion="5">
<suite id="s1" name="PythonProject1" source="/Users/otavioaugusto/PycharmProjects/PythonProject1">
<suite id="s1-s1" name="Cenário: Pagamento Pix" source="/Users/otavioaugusto/PycharmProjects/PythonProject1/Cenário: Pagamento Pix">
<suite id="s1-s1-s1" name="Pagamento Pix Tests" source="/Users/otavioaugusto/PycharmProjects/PythonProject1/Cenário: Pagamento Pix/pagamento_pix_tests.robot">
<test id="s1-s1-s1-t1" name="Caso de teste 01: Preencher o campo de valor com um valor válido" line="7">
<kw name="Configurar pasta de screenshots" owner="common">
<kw name="Set Screenshot Directory" owner="SeleniumLibrary">
<arg>${pasta}</arg>
<doc>Sets the directory for captured screenshots.</doc>
<status status="PASS" start="2025-10-27T12:04:54.923278" elapsed="0.000169"/>
</kw>
<arg>Cenário: Pagamento Pix/Screenshots/Teste_01</arg>
<status status="PASS" start="2025-10-27T12:04:54.922798" elapsed="0.000723"/>
</kw>
<kw name="Realizar login com credenciais corretas" owner="common">
<kw name="Abrir navegador e acessar página de login" owner="common">
<kw name="Open Browser" owner="SeleniumLibrary">
<msg time="2025-10-27T12:04:54.924124" level="INFO">Opening browser 'Chrome' to base url 'http://localhost/PROJETO/index.php?common=2'.</msg>
<arg>${URL}</arg>
<arg>${NAVEGADOR}</arg>
<doc>Opens a new browser instance to the optional ``url``.</doc>
<status status="PASS" start="2025-10-27T12:04:54.923998" elapsed="1.516731"/>
</kw>
<kw name="Maximize Browser Window" owner="SeleniumLibrary">
<doc>Maximizes current browser window.</doc>
<status status="PASS" start="2025-10-27T12:04:56.441547" elapsed="0.374058"/>
</kw>
<kw name="Page Should Contain" owner="SeleniumLibrary">
<msg time="2025-10-27T12:04:56.833405" level="INFO">Current page contains text 'Login'.</msg>
<arg>Login</arg>
<doc>Verifies that current page contains ``text``.</doc>
<status status="PASS" start="2025-10-27T12:04:56.815826" elapsed="0.017658"/>
</kw>
<status status="PASS" start="2025-10-27T12:04:54.923806" elapsed="1.909775"/>
</kw>
<kw name="Input Text" owner="SeleniumLibrary">
<msg time="2025-10-27T12:04:56.834124" level="INFO">Typing text 'admin@acalento.com' into text field 'id:email'.</msg>
<arg>id:email</arg>
<arg>${USUARIO_VALIDO}</arg>
<doc>Types the given ``text`` into the text field identified by ``locator``.</doc>
<status status="PASS" start="2025-10-27T12:04:56.833696" elapsed="0.102383"/>
</kw>
<kw name="Input Text" owner="SeleniumLibrary">
<msg time="2025-10-27T12:04:56.936433" level="INFO">Typing text 'fera4321' into text field 'id:password'.</msg>
<arg>id:password</arg>
<arg>${SENHA_VALIDA}</arg>
<doc>Types the given ``text`` into the text field identified by ``locator``.</doc>
<status status="PASS" start="2025-10-27T12:04:56.936240" elapsed="0.034073"/>
</kw>
<kw name="Click Element" owner="SeleniumLibrary">
<msg time="2025-10-27T12:04:56.970733" level="INFO">Clicking element 'class:btn-primary'.</msg>
<arg>class:btn-primary</arg>
<doc>Click the element identified by ``locator``.</doc>
<status status="PASS" start="2025-10-27T12:04:56.970570" elapsed="0.676796"/>
</kw>
<kw name="Sleep" owner="BuiltIn">
<msg time="2025-10-27T12:04:58.151192" level="INFO">Slept 500 milliseconds.</msg>
<arg>0.5</arg>
<doc>Pauses the test executed for the given time.</doc>
<status status="PASS" start="2025-10-27T12:04:57.648747" elapsed="0.503055"/>
</kw>
<kw name="Title Should Be" owner="SeleniumLibrary">
<msg time="2025-10-27T12:04:58.160728" level="INFO">Page title is 'Acalento | Home'.</msg>
<arg>Acalento | Home</arg>
<doc>Verifies that the current page title equals ``title``.</doc>
<status status="PASS" start="2025-10-27T12:04:58.152793" elapsed="0.008110"/>
</kw>
<status status="PASS" start="2025-10-27T12:04:54.923647" elapsed="3.237473"/>
</kw>
<kw name="Registrar evidência" owner="common">
<kw name="Capture Page Screenshot" owner="SeleniumLibrary">
<msg time="2025-10-27T12:04:58.314003" level="INFO" html="true">&lt;/td&gt;&lt;/tr&gt;&lt;tr&gt;&lt;td colspan="3"&gt;&lt;a href="Cen%C3%A1rio%3A%20Pagamento%20Pix/Screenshots/Teste_01/Evid%C3%AAncia_104.png"&gt;&lt;img src="Cen%C3%A1rio%3A%20Pagamento%20Pix/Screenshots/Teste_01/Evid%C3%AAncia_104.png" width="800px"&gt;&lt;/a&gt;</msg>
<arg>${nome}</arg>
<doc>Takes a screenshot of the current page and embeds it into a log file.</doc>
<status status="PASS" start="2025-10-27T12:04:58.162771" elapsed="0.151318"/>
</kw>
<arg>Evidência_104.png</arg>
<status status="PASS" start="2025-10-27T12:04:58.161830" elapsed="0.152332"/>
</kw>
<kw name="Selecionar dropdown de doações" owner="common_pix">
<kw name="Execute Javascript" owner="SeleniumLibrary">
<msg time="2025-10-27T12:04:58.314889" level="INFO">Executing JavaScript:
document.querySelector("button[data-bs-target='#doacoes-collapse']").click()
Without any arguments.</msg>
<arg>document.querySelector("button[data-bs-target='#doacoes-collapse']").click()</arg>
<doc>Executes the given JavaScript code with possible arguments.</doc>
<status status="PASS" start="2025-10-27T12:04:58.314617" elapsed="0.005774"/>
</kw>
<kw name="Wait Until Element Is Visible" owner="SeleniumLibrary">
<arg>link:Faça uma doação</arg>
<doc>Waits until the element ``locator`` is visible.</doc>
<status status="PASS" start="2025-10-27T12:04:58.320508" elapsed="0.231922"/>
</kw>
<status status="PASS" start="2025-10-27T12:04:58.314327" elapsed="0.238253"/>
</kw>
<kw name="Registrar evidência" owner="common">
<kw name="Capture Page Screenshot" owner="SeleniumLibrary">
<msg time="2025-10-27T12:04:58.716730" level="INFO" html="true">&lt;/td&gt;&lt;/tr&gt;&lt;tr&gt;&lt;td colspan="3"&gt;&lt;a href="Cen%C3%A1rio%3A%20Pagamento%20Pix/Screenshots/Teste_01/Evid%C3%AAncia_105.png"&gt;&lt;img src="Cen%C3%A1rio%3A%20Pagamento%20Pix/Screenshots/Teste_01/Evid%C3%AAncia_105.png" width="800px"&gt;&lt;/a&gt;</msg>
<arg>${nome}</arg>
<doc>Takes a screenshot of the current page and embeds it into a log file.</doc>
<status status="PASS" start="2025-10-27T12:04:58.553259" elapsed="0.163549"/>
</kw>
<arg>Evidência_105.png</arg>
<status status="PASS" start="2025-10-27T12:04:58.552865" elapsed="0.164014"/>
</kw>
<kw name="Selecionar &quot;Faça uma doação&quot;" owner="common_pix">
<kw name="Wait Until Element Is Visible" owner="SeleniumLibrary">
<arg>link:Faça uma doação</arg>
<doc>Waits until the element ``locator`` is visible.</doc>
<status status="PASS" start="2025-10-27T12:04:58.717258" elapsed="0.009063"/>
</kw>
<kw name="Click Element" owner="SeleniumLibrary">
<msg time="2025-10-27T12:04:58.726569" level="INFO">Clicking element 'link:Faça uma doação'.</msg>
<arg>link:Faça uma doação</arg>
<doc>Click the element identified by ``locator``.</doc>
<status status="PASS" start="2025-10-27T12:04:58.726442" elapsed="0.174786"/>
</kw>
<status status="PASS" start="2025-10-27T12:04:58.717045" elapsed="0.184285"/>
</kw>
<kw name="Registrar evidência" owner="common">
<kw name="Capture Page Screenshot" owner="SeleniumLibrary">
<msg time="2025-10-27T12:04:59.054521" level="INFO" html="true">&lt;/td&gt;&lt;/tr&gt;&lt;tr&gt;&lt;td colspan="3"&gt;&lt;a href="Cen%C3%A1rio%3A%20Pagamento%20Pix/Screenshots/Teste_01/Evid%C3%AAncia_106.png"&gt;&lt;img src="Cen%C3%A1rio%3A%20Pagamento%20Pix/Screenshots/Teste_01/Evid%C3%AAncia_106.png" width="800px"&gt;&lt;/a&gt;</msg>
<arg>${nome}</arg>
<doc>Takes a screenshot of the current page and embeds it into a log file.</doc>
<status status="PASS" start="2025-10-27T12:04:58.901787" elapsed="0.152814"/>
</kw>
<arg>Evidência_106.png</arg>
<status status="PASS" start="2025-10-27T12:04:58.901523" elapsed="0.153149"/>
</kw>
<kw name="Digitar no campo &quot;Valor&quot;" owner="common_pix">
<kw name="Input Text" owner="SeleniumLibrary">
<msg time="2025-10-27T12:04:59.055209" level="INFO">Typing text '590' into text field 'id:inputValor'.</msg>
<arg>id:inputValor</arg>
<arg>${valor}</arg>
<doc>Types the given ``text`` into the text field identified by ``locator``.</doc>
<status status="PASS" start="2025-10-27T12:04:59.055075" elapsed="0.033354"/>
</kw>
<arg>590</arg>
<status status="PASS" start="2025-10-27T12:04:59.054854" elapsed="0.033758"/>
</kw>
<kw name="Avaliar conteúdo do campo &quot;Valor&quot;" owner="common_pix">
<kw name="Get Value" owner="SeleniumLibrary">
<msg time="2025-10-27T12:04:59.094467" level="INFO">${valor_campo} = R$ 5,90</msg>
<var>${valor_campo}</var>
<arg>id:inputValor</arg>
<doc>Returns the value attribute of the element identified by ``locator``.</doc>
<status status="PASS" start="2025-10-27T12:04:59.089077" elapsed="0.005421"/>
</kw>
<kw name="Should Be True" owner="BuiltIn">
<arg>'${valor_campo}' == '${formatação_esperada}'</arg>
<doc>Fails if the given condition is not true.</doc>
<status status="PASS" start="2025-10-27T12:04:59.094605" elapsed="0.002100"/>
</kw>
<arg>R$ 5,90</arg>
<status status="PASS" start="2025-10-27T12:04:59.088812" elapsed="0.007950"/>
</kw>
<kw name="Registrar evidência" owner="common">
<kw name="Capture Page Screenshot" owner="SeleniumLibrary">
<msg time="2025-10-27T12:04:59.258279" level="INFO" html="true">&lt;/td&gt;&lt;/tr&gt;&lt;tr&gt;&lt;td colspan="3"&gt;&lt;a href="Cen%C3%A1rio%3A%20Pagamento%20Pix/Screenshots/Teste_01/Evid%C3%AAncia_107.png"&gt;&lt;img src="Cen%C3%A1rio%3A%20Pagamento%20Pix/Screenshots/Teste_01/Evid%C3%AAncia_107.png" width="800px"&gt;&lt;/a&gt;</msg>
<arg>${nome}</arg>
<doc>Takes a screenshot of the current page and embeds it into a log file.</doc>
<status status="PASS" start="2025-10-27T12:04:59.097182" elapsed="0.161173"/>
</kw>
<arg>Evidência_107.png</arg>
<status status="PASS" start="2025-10-27T12:04:59.096905" elapsed="0.161523"/>
</kw>
<kw name="Avaliar valor na tela de pagamento" owner="common_pix">
<kw name="Submit Form" owner="SeleniumLibrary">
<msg time="2025-10-27T12:04:59.258929" level="INFO">Submitting form 'None'.</msg>
<doc>Submits a form identified by ``locator``.</doc>
<status status="PASS" start="2025-10-27T12:04:59.258855" elapsed="0.032487"/>
</kw>
<kw name="Wait Until Page Contains" owner="SeleniumLibrary">
<arg>${valor_esperado}</arg>
<doc>Waits until ``text`` appears on the current page.</doc>
<status status="PASS" start="2025-10-27T12:04:59.291705" elapsed="4.450334"/>
</kw>
<kw name="Page Should Contain" owner="SeleniumLibrary">
<msg time="2025-10-27T12:05:03.751765" level="INFO">Current page contains text 'R$ 5,90'.</msg>
<arg>${valor_esperado}</arg>
<doc>Verifies that current page contains ``text``.</doc>
<status status="PASS" start="2025-10-27T12:05:03.742850" elapsed="0.009045"/>
</kw>
<arg>R$ 5,90</arg>
<status status="PASS" start="2025-10-27T12:04:59.258605" elapsed="4.493432"/>
</kw>
<kw name="Registrar evidência" owner="common">
<kw name="Capture Page Screenshot" owner="SeleniumLibrary">
<msg time="2025-10-27T12:05:03.895893" level="INFO" html="true">&lt;/td&gt;&lt;/tr&gt;&lt;tr&gt;&lt;td colspan="3"&gt;&lt;a href="Cen%C3%A1rio%3A%20Pagamento%20Pix/Screenshots/Teste_01/Evid%C3%AAncia_108.png"&gt;&lt;img src="Cen%C3%A1rio%3A%20Pagamento%20Pix/Screenshots/Teste_01/Evid%C3%AAncia_108.png" width="800px"&gt;&lt;/a&gt;</msg>
<arg>${nome}</arg>
<doc>Takes a screenshot of the current page and embeds it into a log file.</doc>
<status status="PASS" start="2025-10-27T12:05:03.752833" elapsed="0.143141"/>
</kw>
<arg>Evidência_108.png</arg>
<status status="PASS" start="2025-10-27T12:05:03.752397" elapsed="0.143649"/>
</kw>
<kw name="Fechar navegador" owner="common">
<kw name="Close Browser" owner="SeleniumLibrary">
<doc>Closes the current browser.</doc>
<status status="PASS" start="2025-10-27T12:05:03.896436" elapsed="0.090491"/>
</kw>
<status status="PASS" start="2025-10-27T12:05:03.896217" elapsed="0.090815"/>
</kw>
<status status="PASS" start="2025-10-27T12:04:54.922362" elapsed="9.064868"/>
</test>
<test id="s1-s1-s1-t2" name="Caso de teste 02: Preencher o campo de valor com um valor inválido" line="22">
<kw name="Configurar pasta de screenshots" owner="common">
<kw name="Set Screenshot Directory" owner="SeleniumLibrary">
<arg>${pasta}</arg>
<doc>Sets the directory for captured screenshots.</doc>
<status status="PASS" start="2025-10-27T12:05:03.988107" elapsed="0.000286"/>
</kw>
<arg>Cenário: Pagamento Pix/Screenshots/Teste_02</arg>
<status status="PASS" start="2025-10-27T12:05:03.987872" elapsed="0.000582"/>
</kw>
<kw name="Realizar login com credenciais corretas" owner="common">
<kw name="Abrir navegador e acessar página de login" owner="common">
<kw name="Open Browser" owner="SeleniumLibrary">
<msg time="2025-10-27T12:05:03.989161" level="INFO">Opening browser 'Chrome' to base url 'http://localhost/PROJETO/index.php?common=2'.</msg>
<arg>${URL}</arg>
<arg>${NAVEGADOR}</arg>
<doc>Opens a new browser instance to the optional ``url``.</doc>
<status status="PASS" start="2025-10-27T12:05:03.988978" elapsed="0.848543"/>
</kw>
<kw name="Maximize Browser Window" owner="SeleniumLibrary">
<doc>Maximizes current browser window.</doc>
<status status="PASS" start="2025-10-27T12:05:04.837887" elapsed="0.381866"/>
</kw>
<kw name="Page Should Contain" owner="SeleniumLibrary">
<msg time="2025-10-27T12:05:05.227246" level="INFO">Current page contains text 'Login'.</msg>
<arg>Login</arg>
<doc>Verifies that current page contains ``text``.</doc>
<status status="PASS" start="2025-10-27T12:05:05.219934" elapsed="0.007390"/>
</kw>
<status status="PASS" start="2025-10-27T12:05:03.988775" elapsed="1.238645"/>
</kw>
<kw name="Input Text" owner="SeleniumLibrary">
<msg time="2025-10-27T12:05:05.227811" level="INFO">Typing text 'admin@acalento.com' into text field 'id:email'.</msg>
<arg>id:email</arg>
<arg>${USUARIO_VALIDO}</arg>
<doc>Types the given ``text`` into the text field identified by ``locator``.</doc>
<status status="PASS" start="2025-10-27T12:05:05.227526" elapsed="0.087990"/>
</kw>
<kw name="Input Text" owner="SeleniumLibrary">
<msg time="2025-10-27T12:05:05.315912" level="INFO">Typing text 'fera4321' into text field 'id:password'.</msg>
<arg>id:password</arg>
<arg>${SENHA_VALIDA}</arg>
<doc>Types the given ``text`` into the text field identified by ``locator``.</doc>
<status status="PASS" start="2025-10-27T12:05:05.315694" elapsed="0.043186"/>
</kw>
<kw name="Click Element" owner="SeleniumLibrary">
<msg time="2025-10-27T12:05:05.359233" level="INFO">Clicking element 'class:btn-primary'.</msg>
<arg>class:btn-primary</arg>
<doc>Click the element identified by ``locator``.</doc>
<status status="PASS" start="2025-10-27T12:05:05.359061" elapsed="0.029954"/>
</kw>
<kw name="Sleep" owner="BuiltIn">
<msg time="2025-10-27T12:05:05.891693" level="INFO">Slept 500 milliseconds.</msg>
<arg>0.5</arg>
<doc>Pauses the test executed for the given time.</doc>
<status status="PASS" start="2025-10-27T12:05:05.389189" elapsed="0.503016"/>
</kw>
<kw name="Title Should Be" owner="SeleniumLibrary">
<msg time="2025-10-27T12:05:06.072191" level="INFO">Page title is 'Acalento | Home'.</msg>
<arg>Acalento | Home</arg>
<doc>Verifies that the current page title equals ``title``.</doc>
<status status="PASS" start="2025-10-27T12:05:05.893008" elapsed="0.179266"/>
</kw>
<status status="PASS" start="2025-10-27T12:05:03.988601" elapsed="2.083764"/>
</kw>
<kw name="Registrar evidência" owner="common">
<kw name="Capture Page Screenshot" owner="SeleniumLibrary">
<msg time="2025-10-27T12:05:06.209992" level="INFO" html="true">&lt;/td&gt;&lt;/tr&gt;&lt;tr&gt;&lt;td colspan="3"&gt;&lt;a href="Cen%C3%A1rio%3A%20Pagamento%20Pix/Screenshots/Teste_02/Evid%C3%AAncia_109.png"&gt;&lt;img src="Cen%C3%A1rio%3A%20Pagamento%20Pix/Screenshots/Teste_02/Evid%C3%AAncia_109.png" width="800px"&gt;&lt;/a&gt;</msg>
<arg>${nome}</arg>
<doc>Takes a screenshot of the current page and embeds it into a log file.</doc>
<status status="PASS" start="2025-10-27T12:05:06.072918" elapsed="0.137155"/>
</kw>
<arg>Evidência_109.png</arg>
<status status="PASS" start="2025-10-27T12:05:06.072629" elapsed="0.137515"/>
</kw>
<kw name="Selecionar dropdown de doações" owner="common_pix">
<kw name="Execute Javascript" owner="SeleniumLibrary">
<msg time="2025-10-27T12:05:06.210791" level="INFO">Executing JavaScript:
document.querySelector("button[data-bs-target='#doacoes-collapse']").click()
Without any arguments.</msg>
<arg>document.querySelector("button[data-bs-target='#doacoes-collapse']").click()</arg>
<doc>Executes the given JavaScript code with possible arguments.</doc>
<status status="PASS" start="2025-10-27T12:05:06.210549" elapsed="0.005089"/>
</kw>
<kw name="Wait Until Element Is Visible" owner="SeleniumLibrary">
<arg>link:Faça uma doação</arg>
<doc>Waits until the element ``locator`` is visible.</doc>
<status status="PASS" start="2025-10-27T12:05:06.215849" elapsed="0.235403"/>
</kw>
<status status="PASS" start="2025-10-27T12:05:06.210324" elapsed="0.241151"/>
</kw>
<kw name="Registrar evidência" owner="common">
<kw name="Capture Page Screenshot" owner="SeleniumLibrary">
<msg time="2025-10-27T12:05:06.620443" level="INFO" html="true">&lt;/td&gt;&lt;/tr&gt;&lt;tr&gt;&lt;td colspan="3"&gt;&lt;a href="Cen%C3%A1rio%3A%20Pagamento%20Pix/Screenshots/Teste_02/Evid%C3%AAncia_110.png"&gt;&lt;img src="Cen%C3%A1rio%3A%20Pagamento%20Pix/Screenshots/Teste_02/Evid%C3%AAncia_110.png" width="800px"&gt;&lt;/a&gt;</msg>
<arg>${nome}</arg>
<doc>Takes a screenshot of the current page and embeds it into a log file.</doc>
<status status="PASS" start="2025-10-27T12:05:06.452261" elapsed="0.168260"/>
</kw>
<arg>Evidência_110.png</arg>
<status status="PASS" start="2025-10-27T12:05:06.451832" elapsed="0.168763"/>
</kw>
<kw name="Selecionar &quot;Faça uma doação&quot;" owner="common_pix">
<kw name="Wait Until Element Is Visible" owner="SeleniumLibrary">
<arg>link:Faça uma doação</arg>
<doc>Waits until the element ``locator`` is visible.</doc>
<status status="PASS" start="2025-10-27T12:05:06.620974" elapsed="0.008477"/>
</kw>
<kw name="Click Element" owner="SeleniumLibrary">
<msg time="2025-10-27T12:05:06.629908" level="INFO">Clicking element 'link:Faça uma doação'.</msg>
<arg>link:Faça uma doação</arg>
<doc>Click the element identified by ``locator``.</doc>
<status status="PASS" start="2025-10-27T12:05:06.629652" elapsed="0.148173"/>
</kw>
<status status="PASS" start="2025-10-27T12:05:06.620765" elapsed="0.157155"/>
</kw>
<kw name="Registrar evidência" owner="common">
<kw name="Capture Page Screenshot" owner="SeleniumLibrary">
<msg time="2025-10-27T12:05:06.918496" level="INFO" html="true">&lt;/td&gt;&lt;/tr&gt;&lt;tr&gt;&lt;td colspan="3"&gt;&lt;a href="Cen%C3%A1rio%3A%20Pagamento%20Pix/Screenshots/Teste_02/Evid%C3%AAncia_111.png"&gt;&lt;img src="Cen%C3%A1rio%3A%20Pagamento%20Pix/Screenshots/Teste_02/Evid%C3%AAncia_111.png" width="800px"&gt;&lt;/a&gt;</msg>
<arg>${nome}</arg>
<doc>Takes a screenshot of the current page and embeds it into a log file.</doc>
<status status="PASS" start="2025-10-27T12:05:06.778368" elapsed="0.140210"/>
</kw>
<arg>Evidência_111.png</arg>
<status status="PASS" start="2025-10-27T12:05:06.778102" elapsed="0.140547"/>
</kw>
<kw name="Digitar no campo &quot;Valor&quot;" owner="common_pix">
<kw name="Input Text" owner="SeleniumLibrary">
<msg time="2025-10-27T12:05:06.919175" level="INFO">Typing text 'Teste $%ˆ&amp;*' into text field 'id:inputValor'.</msg>
<arg>id:inputValor</arg>
<arg>${valor}</arg>
<doc>Types the given ``text`` into the text field identified by ``locator``.</doc>
<status status="PASS" start="2025-10-27T12:05:06.919046" elapsed="0.033566"/>
</kw>
<arg>Teste $%ˆ&amp;*</arg>
<status status="PASS" start="2025-10-27T12:05:06.918819" elapsed="0.033887"/>
</kw>
<kw name="Avaliar conteúdo do campo &quot;Valor&quot;" owner="common_pix">
<kw name="Get Value" owner="SeleniumLibrary">
<msg time="2025-10-27T12:05:06.958689" level="INFO">${valor_campo} = R$ 0,00</msg>
<var>${valor_campo}</var>
<arg>id:inputValor</arg>
<doc>Returns the value attribute of the element identified by ``locator``.</doc>
<status status="PASS" start="2025-10-27T12:05:06.953137" elapsed="0.005581"/>
</kw>
<kw name="Should Be True" owner="BuiltIn">
<arg>'${valor_campo}' == '${formatação_esperada}'</arg>
<doc>Fails if the given condition is not true.</doc>
<status status="PASS" start="2025-10-27T12:05:06.958830" elapsed="0.000273"/>
</kw>
<arg>R$ 0,00</arg>
<status status="PASS" start="2025-10-27T12:05:06.952904" elapsed="0.006246"/>
</kw>
<kw name="Registrar evidência" owner="common">
<kw name="Capture Page Screenshot" owner="SeleniumLibrary">
<msg time="2025-10-27T12:05:07.101841" level="INFO" html="true">&lt;/td&gt;&lt;/tr&gt;&lt;tr&gt;&lt;td colspan="3"&gt;&lt;a href="Cen%C3%A1rio%3A%20Pagamento%20Pix/Screenshots/Teste_02/Evid%C3%AAncia_112.png"&gt;&lt;img src="Cen%C3%A1rio%3A%20Pagamento%20Pix/Screenshots/Teste_02/Evid%C3%AAncia_112.png" width="800px"&gt;&lt;/a&gt;</msg>
<arg>${nome}</arg>
<doc>Takes a screenshot of the current page and embeds it into a log file.</doc>
<status status="PASS" start="2025-10-27T12:05:06.959477" elapsed="0.142440"/>
</kw>
<arg>Evidência_112.png</arg>
<status status="PASS" start="2025-10-27T12:05:06.959294" elapsed="0.142696"/>
</kw>
<kw name="Avaliar valor na tela de pagamento" owner="common_pix">
<kw name="Submit Form" owner="SeleniumLibrary">
<msg time="2025-10-27T12:05:07.102471" level="INFO">Submitting form 'None'.</msg>
<doc>Submits a form identified by ``locator``.</doc>
<status status="PASS" start="2025-10-27T12:05:07.102393" elapsed="0.056318"/>
</kw>
<kw name="Wait Until Page Contains" owner="SeleniumLibrary">
<msg time="2025-10-27T12:05:56.000451" level="INFO" html="true">&lt;/td&gt;&lt;/tr&gt;&lt;tr&gt;&lt;td colspan="3"&gt;&lt;a href="Cen%C3%A1rio%3A%20Pagamento%20Pix/Screenshots/Teste_02/selenium-screenshot-2.png"&gt;&lt;img src="Cen%C3%A1rio%3A%20Pagamento%20Pix/Screenshots/Teste_02/selenium-screenshot-2.png" width="800px"&gt;&lt;/a&gt;</msg>
<msg time="2025-10-27T12:05:56.000693" level="FAIL">Text 'Digite um valor válido' did not appear in 5 seconds.</msg>
<arg>${valor_esperado}</arg>
<doc>Waits until ``text`` appears on the current page.</doc>
<status status="FAIL" start="2025-10-27T12:05:07.158922" elapsed="48.845598">Text 'Digite um valor válido' did not appear in 5 seconds.</status>
</kw>
<kw name="Page Should Contain" owner="SeleniumLibrary">
<arg>${valor_esperado}</arg>
<doc>Verifies that current page contains ``text``.</doc>
<status status="NOT RUN" start="2025-10-27T12:05:56.004702" elapsed="0.000030"/>
</kw>
<arg>Digite um valor válido</arg>
<status status="FAIL" start="2025-10-27T12:05:07.102165" elapsed="48.902643">Text 'Digite um valor válido' did not appear in 5 seconds.</status>
</kw>
<kw name="Registrar evidência" owner="common">
<arg>Evidência_113.png</arg>
<status status="NOT RUN" start="2025-10-27T12:05:56.004969" elapsed="0.000025"/>
</kw>
<kw name="Fechar navegador" owner="common">
<status status="NOT RUN" start="2025-10-27T12:05:56.005096" elapsed="0.000021"/>
</kw>
<status status="FAIL" start="2025-10-27T12:05:03.987463" elapsed="52.017794">Text 'Digite um valor válido' did not appear in 5 seconds.</status>
</test>
<test id="s1-s1-s1-t3" name="Caso de teste 03: Preencher o campo de valor com um valor em branco" line="37">
<kw name="Configurar pasta de screenshots" owner="common">
<kw name="Set Screenshot Directory" owner="SeleniumLibrary">
<arg>${pasta}</arg>
<doc>Sets the directory for captured screenshots.</doc>
<status status="PASS" start="2025-10-27T12:05:56.005920" elapsed="0.000200"/>
</kw>
<arg>Cenário: Pagamento Pix/Screenshots/Teste_03</arg>
<status status="PASS" start="2025-10-27T12:05:56.005726" elapsed="0.000440"/>
</kw>
<kw name="Realizar login com credenciais corretas" owner="common">
<kw name="Abrir navegador e acessar página de login" owner="common">
<kw name="Open Browser" owner="SeleniumLibrary">
<msg time="2025-10-27T12:05:56.006717" level="INFO">Opening browser 'Chrome' to base url 'http://localhost/PROJETO/index.php?common=2'.</msg>
<arg>${URL}</arg>
<arg>${NAVEGADOR}</arg>
<doc>Opens a new browser instance to the optional ``url``.</doc>
<status status="PASS" start="2025-10-27T12:05:56.006578" elapsed="0.781444"/>
</kw>
<kw name="Maximize Browser Window" owner="SeleniumLibrary">
<doc>Maximizes current browser window.</doc>
<status status="PASS" start="2025-10-27T12:05:56.788357" elapsed="0.380903"/>
</kw>
<kw name="Page Should Contain" owner="SeleniumLibrary">
<msg time="2025-10-27T12:05:57.181231" level="INFO">Current page contains text 'Login'.</msg>
<arg>Login</arg>
<doc>Verifies that current page contains ``text``.</doc>
<status status="PASS" start="2025-10-27T12:05:57.169707" elapsed="0.011672"/>
</kw>
<status status="PASS" start="2025-10-27T12:05:56.006433" elapsed="1.175069"/>
</kw>
<kw name="Input Text" owner="SeleniumLibrary">
<msg time="2025-10-27T12:05:57.181966" level="INFO">Typing text 'admin@acalento.com' into text field 'id:email'.</msg>
<arg>id:email</arg>
<arg>${USUARIO_VALIDO}</arg>
<doc>Types the given ``text`` into the text field identified by ``locator``.</doc>
<status status="PASS" start="2025-10-27T12:05:57.181627" elapsed="0.077573"/>
</kw>
<kw name="Input Text" owner="SeleniumLibrary">
<msg time="2025-10-27T12:05:57.259546" level="INFO">Typing text 'fera4321' into text field 'id:password'.</msg>
<arg>id:password</arg>
<arg>${SENHA_VALIDA}</arg>
<doc>Types the given ``text`` into the text field identified by ``locator``.</doc>
<status status="PASS" start="2025-10-27T12:05:57.259349" elapsed="0.030535"/>
</kw>
<kw name="Click Element" owner="SeleniumLibrary">
<msg time="2025-10-27T12:05:57.290256" level="INFO">Clicking element 'class:btn-primary'.</msg>
<arg>class:btn-primary</arg>
<doc>Click the element identified by ``locator``.</doc>
<status status="PASS" start="2025-10-27T12:05:57.290056" elapsed="0.030647"/>
</kw>
<kw name="Sleep" owner="BuiltIn">
<msg time="2025-10-27T12:05:57.823605" level="INFO">Slept 500 milliseconds.</msg>
<arg>0.5</arg>
<doc>Pauses the test executed for the given time.</doc>
<status status="PASS" start="2025-10-27T12:05:57.320896" elapsed="0.503566"/>
</kw>
<kw name="Title Should Be" owner="SeleniumLibrary">
<msg time="2025-10-27T12:05:57.833888" level="INFO">Page title is 'Acalento | Home'.</msg>
<arg>Acalento | Home</arg>
<doc>Verifies that the current page title equals ``title``.</doc>
<status status="PASS" start="2025-10-27T12:05:57.825353" elapsed="0.008782"/>
</kw>
<status status="PASS" start="2025-10-27T12:05:56.006276" elapsed="1.828096"/>
</kw>
<kw name="Registrar evidência" owner="common">
<kw name="Capture Page Screenshot" owner="SeleniumLibrary">
<msg time="2025-10-27T12:05:57.974987" level="INFO" html="true">&lt;/td&gt;&lt;/tr&gt;&lt;tr&gt;&lt;td colspan="3"&gt;&lt;a href="Cen%C3%A1rio%3A%20Pagamento%20Pix/Screenshots/Teste_03/Evid%C3%AAncia_114.png"&gt;&lt;img src="Cen%C3%A1rio%3A%20Pagamento%20Pix/Screenshots/Teste_03/Evid%C3%AAncia_114.png" width="800px"&gt;&lt;/a&gt;</msg>
<arg>${nome}</arg>
<doc>Takes a screenshot of the current page and embeds it into a log file.</doc>
<status status="PASS" start="2025-10-27T12:05:57.836120" elapsed="0.138953"/>
</kw>
<arg>Evidência_114.png</arg>
<status status="PASS" start="2025-10-27T12:05:57.835132" elapsed="0.140017"/>
</kw>
<kw name="Selecionar dropdown de doações" owner="common_pix">
<kw name="Execute Javascript" owner="SeleniumLibrary">
<msg time="2025-10-27T12:05:57.975819" level="INFO">Executing JavaScript:
document.querySelector("button[data-bs-target='#doacoes-collapse']").click()
Without any arguments.</msg>
<arg>document.querySelector("button[data-bs-target='#doacoes-collapse']").click()</arg>
<doc>Executes the given JavaScript code with possible arguments.</doc>
<status status="PASS" start="2025-10-27T12:05:57.975565" elapsed="0.002505"/>
</kw>
<kw name="Wait Until Element Is Visible" owner="SeleniumLibrary">
<arg>link:Faça uma doação</arg>
<doc>Waits until the element ``locator`` is visible.</doc>
<status status="PASS" start="2025-10-27T12:05:57.978165" elapsed="0.013792"/>
</kw>
<status status="PASS" start="2025-10-27T12:05:57.975321" elapsed="0.016722"/>
</kw>
<kw name="Registrar evidência" owner="common">
<kw name="Capture Page Screenshot" owner="SeleniumLibrary">
<msg time="2025-10-27T12:05:58.099744" level="INFO" html="true">&lt;/td&gt;&lt;/tr&gt;&lt;tr&gt;&lt;td colspan="3"&gt;&lt;a href="Cen%C3%A1rio%3A%20Pagamento%20Pix/Screenshots/Teste_03/Evid%C3%AAncia_115.png"&gt;&lt;img src="Cen%C3%A1rio%3A%20Pagamento%20Pix/Screenshots/Teste_03/Evid%C3%AAncia_115.png" width="800px"&gt;&lt;/a&gt;</msg>
<arg>${nome}</arg>
<doc>Takes a screenshot of the current page and embeds it into a log file.</doc>
<status status="PASS" start="2025-10-27T12:05:57.992441" elapsed="0.107376"/>
</kw>
<arg>Evidência_115.png</arg>
<status status="PASS" start="2025-10-27T12:05:57.992214" elapsed="0.107676"/>
</kw>
<kw name="Selecionar &quot;Faça uma doação&quot;" owner="common_pix">
<kw name="Wait Until Element Is Visible" owner="SeleniumLibrary">
<arg>link:Faça uma doação</arg>
<doc>Waits until the element ``locator`` is visible.</doc>
<status status="PASS" start="2025-10-27T12:05:58.100273" elapsed="0.008802"/>
</kw>
<kw name="Click Element" owner="SeleniumLibrary">
<msg time="2025-10-27T12:05:58.109308" level="INFO">Clicking element 'link:Faça uma doação'.</msg>
<arg>link:Faça uma doação</arg>
<doc>Click the element identified by ``locator``.</doc>
<status status="PASS" start="2025-10-27T12:05:58.109186" elapsed="0.721584"/>
</kw>
<status status="PASS" start="2025-10-27T12:05:58.100062" elapsed="0.730969"/>
</kw>
<kw name="Registrar evidência" owner="common">
<kw name="Capture Page Screenshot" owner="SeleniumLibrary">
<msg time="2025-10-27T12:05:58.971233" level="INFO" html="true">&lt;/td&gt;&lt;/tr&gt;&lt;tr&gt;&lt;td colspan="3"&gt;&lt;a href="Cen%C3%A1rio%3A%20Pagamento%20Pix/Screenshots/Teste_03/Evid%C3%AAncia_116.png"&gt;&lt;img src="Cen%C3%A1rio%3A%20Pagamento%20Pix/Screenshots/Teste_03/Evid%C3%AAncia_116.png" width="800px"&gt;&lt;/a&gt;</msg>
<arg>${nome}</arg>
<doc>Takes a screenshot of the current page and embeds it into a log file.</doc>
<status status="PASS" start="2025-10-27T12:05:58.832865" elapsed="0.138453"/>
</kw>
<arg>Evidência_116.png</arg>
<status status="PASS" start="2025-10-27T12:05:58.831602" elapsed="0.139792"/>
</kw>
<kw name="Avaliar conteúdo do campo &quot;Valor&quot;" owner="common_pix">
<kw name="Get Value" owner="SeleniumLibrary">
<msg time="2025-10-27T12:05:58.979919" level="INFO">${valor_campo} = </msg>
<var>${valor_campo}</var>
<arg>id:inputValor</arg>
<doc>Returns the value attribute of the element identified by ``locator``.</doc>
<status status="PASS" start="2025-10-27T12:05:58.971846" elapsed="0.008102"/>
</kw>
<kw name="Should Be True" owner="BuiltIn">
<arg>'${valor_campo}' == '${formatação_esperada}'</arg>
<doc>Fails if the given condition is not true.</doc>
<status status="PASS" start="2025-10-27T12:05:58.980053" elapsed="0.000240"/>
</kw>
<arg>' '</arg>
<status status="PASS" start="2025-10-27T12:05:58.971595" elapsed="0.008744"/>
</kw>
<kw name="Registrar evidência" owner="common">
<kw name="Capture Page Screenshot" owner="SeleniumLibrary">
<msg time="2025-10-27T12:05:59.081123" level="INFO" html="true">&lt;/td&gt;&lt;/tr&gt;&lt;tr&gt;&lt;td colspan="3"&gt;&lt;a href="Cen%C3%A1rio%3A%20Pagamento%20Pix/Screenshots/Teste_03/Evid%C3%AAncia_117.png"&gt;&lt;img src="Cen%C3%A1rio%3A%20Pagamento%20Pix/Screenshots/Teste_03/Evid%C3%AAncia_117.png" width="800px"&gt;&lt;/a&gt;</msg>
<arg>${nome}</arg>
<doc>Takes a screenshot of the current page and embeds it into a log file.</doc>
<status status="PASS" start="2025-10-27T12:05:58.980661" elapsed="0.100535"/>
</kw>
<arg>Evidência_117.png</arg>
<status status="PASS" start="2025-10-27T12:05:58.980468" elapsed="0.100796"/>
</kw>
<kw name="Avaliar valor na tela de pagamento" owner="common_pix">
<kw name="Submit Form" owner="SeleniumLibrary">
<msg time="2025-10-27T12:05:59.081963" level="INFO">Submitting form 'None'.</msg>
<doc>Submits a form identified by ``locator``.</doc>
<status status="PASS" start="2025-10-27T12:05:59.081872" elapsed="0.036642"/>
</kw>
<kw name="Wait Until Page Contains" owner="SeleniumLibrary">
<arg>${valor_esperado}</arg>
<doc>Waits until ``text`` appears on the current page.</doc>
<status status="PASS" start="2025-10-27T12:05:59.118669" elapsed="0.233934"/>
</kw>
<kw name="Page Should Contain" owner="SeleniumLibrary">
<msg time="2025-10-27T12:05:59.360529" level="INFO">Current page contains text 'Digite um valor válido'.</msg>
<arg>${valor_esperado}</arg>
<doc>Verifies that current page contains ``text``.</doc>
<status status="PASS" start="2025-10-27T12:05:59.352845" elapsed="0.007773"/>
</kw>
<arg>Digite um valor válido</arg>
<status status="PASS" start="2025-10-27T12:05:59.081551" elapsed="0.279600"/>
</kw>
<kw name="Registrar evidência" owner="common">
<kw name="Capture Page Screenshot" owner="SeleniumLibrary">
<msg time="2025-10-27T12:05:59.491126" level="INFO" html="true">&lt;/td&gt;&lt;/tr&gt;&lt;tr&gt;&lt;td colspan="3"&gt;&lt;a href="Cen%C3%A1rio%3A%20Pagamento%20Pix/Screenshots/Teste_03/Evid%C3%AAncia_118.png"&gt;&lt;img src="Cen%C3%A1rio%3A%20Pagamento%20Pix/Screenshots/Teste_03/Evid%C3%AAncia_118.png" width="800px"&gt;&lt;/a&gt;</msg>
<arg>${nome}</arg>
<doc>Takes a screenshot of the current page and embeds it into a log file.</doc>
<status status="PASS" start="2025-10-27T12:05:59.361729" elapsed="0.129474"/>
</kw>
<arg>Evidência_118.png</arg>
<status status="PASS" start="2025-10-27T12:05:59.361391" elapsed="0.129883"/>
</kw>
<kw name="Fechar navegador" owner="common">
<kw name="Close Browser" owner="SeleniumLibrary">
<doc>Closes the current browser.</doc>
<status status="PASS" start="2025-10-27T12:05:59.491634" elapsed="0.072253"/>
</kw>
<status status="PASS" start="2025-10-27T12:05:59.491438" elapsed="0.072585"/>
</kw>
<status status="PASS" start="2025-10-27T12:05:56.005425" elapsed="3.558784"/>
</test>
<status status="FAIL" start="2025-10-27T12:04:54.818421" elapsed="64.746295"/>
</suite>
<status status="FAIL" start="2025-10-27T12:04:54.817873" elapsed="64.747484"/>
</suite>
<status status="FAIL" start="2025-10-27T12:04:54.806367" elapsed="64.759292"/>
</suite>
<statistics>
<total>
<stat pass="2" fail="1" skip="0">All Tests</stat>
</total>
<tag>
</tag>
<suite>
<stat name="PythonProject1" id="s1" pass="2" fail="1" skip="0">PythonProject1</stat>
<stat name="Cenário: Pagamento Pix" id="s1-s1" pass="2" fail="1" skip="0">PythonProject1.Cenário: Pagamento Pix</stat>
<stat name="Pagamento Pix Tests" id="s1-s1-s1" pass="2" fail="1" skip="0">PythonProject1.Cenário: Pagamento Pix.Pagamento Pix Tests</stat>
</suite>
</statistics>
<errors>
</errors>
</robot>
